<?xml version="1.0" encoding="UTF-8"?>
<!-- Generated by org.testng.reporters.JUnitReportReporter -->
<testsuite hostname="DESKTOP-GBB34UC" failures="0" tests="1" name="demo.PracticeTest" time="0.013" errors="0" timestamp="2022-11-22T19:49:11 IST" skipped="0">
  <testcase classname="demo.PracticeTest" name="practice" time="0.013"/>
  <system-out/>
</testsuite> <!-- demo.PracticeTest -->
